<?xml version="1.0" encoding="UTF-8"?>
<!-- Generated by org.testng.reporters.JUnitXMLReporter -->
<testsuite ignored="2" hostname="DESKTOP-KNOMQ1P" failures="1" tests="9" name="Regression" time="0.088" errors="0" timestamp="2021-08-06T23:18:07 IST">
  <testcase classname="Abc.Demo" name="demo11" time="0.014">
    <failure type="java.lang.AssertionError" message="expected [true] but found [false]">
      <![CDATA[java.lang.AssertionError: expected [true] but found [false]
at Abc.Demo.demo11(Demo.java:15)
at java.base/java.util.ArrayList.forEach(ArrayList.java:1511)
at java.base/java.util.concurrent.FutureTask.run(FutureTask.java:264)
at java.base/java.util.concurrent.ThreadPoolExecutor.runWorker(ThreadPoolExecutor.java:1130)
at java.base/java.util.concurrent.ThreadPoolExecutor$Worker.run(ThreadPoolExecutor.java:630)
at java.base/java.lang.Thread.run(Thread.java:831)
... Removed 22 stack frames]]>
    </failure>
  </testcase> <!-- demo11 -->
  <testcase classname="Abc.Demo" name="demo12" time="0.001"/>
  <testcase classname="Abc.Loan" name="homeloan" time="0.001"/>
  <testcase classname="Abc.Loan" name="homeloan1" time="0.001"/>
  <testcase classname="Abc.Loan" name="mobilelloan" time="0.001"/>
  <testcase classname="Abc.Loan" name="personalloan" time="0.001"/>
  <testcase classname="Abc.Start" name="demo1" time="0.002"/>
  <testcase classname="Abc.Start" name="demo1" time="0.001"/>
  <testcase classname="Abc.Start" name="demo1" time="0.001"/>
  <testcase classname="Abc.Loan" name="carloan" time="0.0">
    <ignored/>
  </testcase> <!-- carloan -->
  <testcase classname="Abc.Start" name="demo" time="0.0">
    <ignored/>
  </testcase> <!-- demo -->
</testsuite> <!-- Regression -->
